DEBUG [2014-04-06 07:00:19,675] edu.sjsu.cmpe.procurement.jobs.ProcurementSchedulerJob: Response from jsontest.com: {"ip": "76.77.182.221"}

INFO  [2014-04-06 07:00:56,809] org.eclipse.jetty.server.Server: Graceful shutdown SocketConnector@0.0.0.0:9000
INFO  [2014-04-06 07:00:56,810] org.eclipse.jetty.server.Server: Graceful shutdown InstrumentedBlockingChannelConnector@0.0.0.0:9090
INFO  [2014-04-06 07:00:56,810] org.eclipse.jetty.server.Server: Graceful shutdown o.e.j.s.ServletContextHandler{/,null}
INFO  [2014-04-06 07:00:56,810] org.eclipse.jetty.server.Server: Graceful shutdown o.e.j.s.ServletContextHandler{/,file:/Users/minu/github/cmpe273/cmpe273-assignment2/procurement-service/target/classes/}
INFO  [2014-04-06 07:00:58,864] org.eclipse.jetty.server.handler.ContextHandler: stopped o.e.j.s.ServletContextHandler{/,file:/Users/minu/github/cmpe273/cmpe273-assignment2/procurement-service/target/classes/}
INFO  [2014-04-06 07:00:58,864] org.eclipse.jetty.server.handler.ContextHandler: stopped o.e.j.s.ServletContextHandler{/,null}
INFO  [2014-04-06 07:00:58,967] org.quartz.core.QuartzScheduler: Scheduler DefaultQuartzScheduler_$_NON_CLUSTERED shutting down.
INFO  [2014-04-06 07:00:58,967] org.quartz.core.QuartzScheduler: Scheduler DefaultQuartzScheduler_$_NON_CLUSTERED paused.
INFO  [2014-04-06 07:00:59,385] org.quartz.core.QuartzScheduler: Scheduler DefaultQuartzScheduler_$_NON_CLUSTERED shutdown complete.
INFO  [2014-04-06 07:02:39,862] org.reflections.Reflections: Reflections took 83 ms to scan 1 urls, producing 2 keys and 2 values 
DEBUG [2014-04-06 07:02:40,347] edu.sjsu.cmpe.procurement.ProcurementService: Queue name is /queue/47221.book.orders. Topic is /topic/47221.book.
DEBUG [2014-04-06 07:02:40,347] edu.sjsu.cmpe.procurement.ProcurementService: /queue/47221.book.orders - Queue name is /topic/47221.book.. Topic name is admin. User name is 54.193.56.218. Host is 61613. Port is {}
WARN  [2014-04-06 07:02:40,372] com.yammer.dropwizard.config.ServerFactory: 
!!!!!!!!!!!!!!!!!!!!!!!!!!!!!!!!!!!!!!!!!!!!!!!!!!!!!!!!!!!!!!!!!!!!!!!!!!!!!!!!
!!!!!!!!!!!!!!!!!!!!!!!!!!!!!!!!!!!!!!!!!!!!!!!!!!!!!!!!!!!!!!!!!!!!!!!!!!!!!!!!
!    THIS SERVICE HAS NO HEALTHCHECKS. THIS MEANS YOU WILL NEVER KNOW IF IT    !
!    DIES IN PRODUCTION, WHICH MEANS YOU WILL NEVER KNOW IF YOU'RE LETTING     !
!     YOUR USERS DOWN. YOU SHOULD ADD A HEALTHCHECK FOR EACH DEPENDENCY OF     !
!     YOUR SERVICE WHICH FULLY (BUT LIGHTLY) TESTS YOUR SERVICE'S ABILITY TO   !
!      USE THAT SERVICE. THINK OF IT AS A CONTINUOUS INTEGRATION TEST.         !
!!!!!!!!!!!!!!!!!!!!!!!!!!!!!!!!!!!!!!!!!!!!!!!!!!!!!!!!!!!!!!!!!!!!!!!!!!!!!!!!
!!!!!!!!!!!!!!!!!!!!!!!!!!!!!!!!!!!!!!!!!!!!!!!!!!!!!!!!!!!!!!!!!!!!!!!!!!!!!!!!
INFO  [2014-04-06 07:02:40,440] com.yammer.dropwizard.cli.ServerCommand: Starting procurement-service
INFO  [2014-04-06 07:02:40,441] org.eclipse.jetty.server.Server: jetty-8.1.10.v20130312
INFO  [2014-04-06 07:02:40,535] com.sun.jersey.server.impl.application.WebApplicationImpl: Initiating Jersey application, version 'Jersey: 1.17.1 02/28/2013 12:47 PM'
INFO  [2014-04-06 07:02:40,566] com.yammer.dropwizard.config.Environment: The following paths were found for the configured resources:

    GET     / (edu.sjsu.cmpe.procurement.api.resources.RootResource)

INFO  [2014-04-06 07:02:40,566] com.yammer.dropwizard.config.Environment: tasks = 

    POST    /tasks/gc (com.yammer.dropwizard.tasks.GarbageCollectionTask)

INFO  [2014-04-06 07:02:40,787] org.quartz.impl.StdSchedulerFactory: Using default implementation for ThreadExecutor
INFO  [2014-04-06 07:02:40,790] org.quartz.simpl.SimpleThreadPool: Job execution threads will use class loader of thread: main
INFO  [2014-04-06 07:02:40,803] org.quartz.core.SchedulerSignalerImpl: Initialized Scheduler Signaller of type: class org.quartz.core.SchedulerSignalerImpl
INFO  [2014-04-06 07:02:40,804] org.quartz.core.QuartzScheduler: Quartz Scheduler v.2.2.0 created.
INFO  [2014-04-06 07:02:40,805] org.quartz.simpl.RAMJobStore: RAMJobStore initialized.
INFO  [2014-04-06 07:02:40,806] org.quartz.core.QuartzScheduler: Scheduler meta-data: Quartz Scheduler (v2.2.0) 'DefaultQuartzScheduler' with instanceId 'NON_CLUSTERED'
  Scheduler class: 'org.quartz.core.QuartzScheduler' - running locally.
  NOT STARTED.
  Currently in standby mode.
  Number of jobs executed: 0
  Using thread pool 'org.quartz.simpl.SimpleThreadPool' - with 10 threads.
  Using job-store 'org.quartz.simpl.RAMJobStore' - which does not support persistence. and is not clustered.

INFO  [2014-04-06 07:02:40,806] org.quartz.impl.StdSchedulerFactory: Quartz scheduler 'DefaultQuartzScheduler' initialized from default resource file in Quartz package: 'quartz.properties'
INFO  [2014-04-06 07:02:40,806] org.quartz.impl.StdSchedulerFactory: Quartz scheduler version: 2.2.0
INFO  [2014-04-06 07:02:40,806] org.quartz.core.QuartzScheduler: Scheduler DefaultQuartzScheduler_$_NON_CLUSTERED started.
INFO  [2014-04-06 07:02:40,809] de.spinscale.dropwizard.jobs.JobManager: Jobs to run on application start: []
INFO  [2014-04-06 07:02:40,809] de.spinscale.dropwizard.jobs.JobManager: Jobs with @Every annotation: [class edu.sjsu.cmpe.procurement.jobs.ProcurementSchedulerJob]
INFO  [2014-04-06 07:02:40,821] de.spinscale.dropwizard.jobs.JobManager: Jobs with @On annotation: []
INFO  [2014-04-06 07:02:40,856] org.eclipse.jetty.server.AbstractConnector: Started InstrumentedBlockingChannelConnector@0.0.0.0:9090
INFO  [2014-04-06 07:02:40,862] org.eclipse.jetty.server.AbstractConnector: Started SocketConnector@0.0.0.0:9000
DEBUG [2014-04-06 07:02:41,067] edu.sjsu.cmpe.procurement.jobs.ProcurementSchedulerJob: Response from jsontest.com: {"ip": "76.77.182.221"}

DEBUG [2014-04-06 07:02:41,228] edu.sjsu.cmpe.procurement.jobs.ptp.Consumer: Received message is : 
INFO  [2014-04-06 07:03:00,311] org.eclipse.jetty.server.Server: Graceful shutdown SocketConnector@0.0.0.0:9000
INFO  [2014-04-06 07:03:00,312] org.eclipse.jetty.server.Server: Graceful shutdown InstrumentedBlockingChannelConnector@0.0.0.0:9090
INFO  [2014-04-06 07:03:00,313] org.eclipse.jetty.server.Server: Graceful shutdown o.e.j.s.ServletContextHandler{/,null}
INFO  [2014-04-06 07:03:00,313] org.eclipse.jetty.server.Server: Graceful shutdown o.e.j.s.ServletContextHandler{/,file:/Users/minu/github/cmpe273/cmpe273-assignment2/procurement-service/target/classes/}
INFO  [2014-04-06 07:03:02,367] org.eclipse.jetty.server.handler.ContextHandler: stopped o.e.j.s.ServletContextHandler{/,file:/Users/minu/github/cmpe273/cmpe273-assignment2/procurement-service/target/classes/}
INFO  [2014-04-06 07:03:02,367] org.eclipse.jetty.server.handler.ContextHandler: stopped o.e.j.s.ServletContextHandler{/,null}
INFO  [2014-04-06 07:03:02,469] org.quartz.core.QuartzScheduler: Scheduler DefaultQuartzScheduler_$_NON_CLUSTERED shutting down.
INFO  [2014-04-06 07:03:02,469] org.quartz.core.QuartzScheduler: Scheduler DefaultQuartzScheduler_$_NON_CLUSTERED paused.
INFO  [2014-04-06 07:03:02,831] org.quartz.core.QuartzScheduler: Scheduler DefaultQuartzScheduler_$_NON_CLUSTERED shutdown complete.
